<?xml version="1.0" encoding="UTF-8"?>
<testng-results ignored="0" total="1" passed="1" failed="0" skipped="0">
  <reporter-output>
  </reporter-output>
  <suite started-at="2024-07-10T02:07:36 IST" name="Suite" finished-at="2024-07-10T02:07:47 IST" duration-ms="10792">
    <groups>
    </groups>
    <test started-at="2024-07-10T02:07:36 IST" name="Test" finished-at="2024-07-10T02:07:47 IST" duration-ms="10792">
      <class name="self.practice.tests.EmicalculatorTest">
        <test-method is-config="true" signature="setup()[pri:0, instance:self.practice.tests.EmicalculatorTest@5386659f]" started-at="2024-07-10T02:07:36 IST" name="setup" finished-at="2024-07-10T02:07:36 IST" duration-ms="12" status="PASS">
          <reporter-output>
          </reporter-output>
        </test-method> <!-- setup -->
        <test-method is-config="true" signature="preTestcase()[pri:0, instance:self.practice.tests.EmicalculatorTest@5386659f]" started-at="2024-07-10T02:07:36 IST" name="preTestcase" finished-at="2024-07-10T02:07:38 IST" duration-ms="1527" status="PASS">
          <reporter-output>
          </reporter-output>
        </test-method> <!-- preTestcase -->
        <test-method signature="test()[pri:0, instance:self.practice.tests.EmicalculatorTest@5386659f]" started-at="2024-07-10T02:07:38 IST" name="test" finished-at="2024-07-10T02:07:46 IST" duration-ms="8036" status="PASS">
          <reporter-output>
          </reporter-output>
        </test-method> <!-- test -->
        <test-method is-config="true" signature="postTestcase()[pri:0, instance:self.practice.tests.EmicalculatorTest@5386659f]" started-at="2024-07-10T02:07:46 IST" name="postTestcase" finished-at="2024-07-10T02:07:47 IST" duration-ms="1181" status="PASS">
          <reporter-output>
          </reporter-output>
        </test-method> <!-- postTestcase -->
        <test-method is-config="true" signature="tearDown()[pri:0, instance:self.practice.tests.EmicalculatorTest@5386659f]" started-at="2024-07-10T02:07:47 IST" name="tearDown" finished-at="2024-07-10T02:07:47 IST" duration-ms="0" status="PASS">
          <reporter-output>
          </reporter-output>
        </test-method> <!-- tearDown -->
      </class> <!-- self.practice.tests.EmicalculatorTest -->
    </test> <!-- Test -->
  </suite> <!-- Suite -->
</testng-results>
